Performing C SOURCE FILE Test CMAKE_HAVE_LIBC_PTHREAD failed with the following output:
Change Dir: /home/liangyichen/catkin_ws/src/puzzlebot/puzzlebot_gazebo/build/CMakeFiles/CMakeTmp

Run Build Command(s):/usr/bin/make -f Makefile cmTC_03665/fast && /usr/bin/make  -f CMakeFiles/cmTC_03665.dir/build.make CMakeFiles/cmTC_03665.dir/build
make[1]: Entering directory '/home/liangyichen/catkin_ws/src/puzzlebot/puzzlebot_gazebo/build/CMakeFiles/CMakeTmp'
Building C object CMakeFiles/cmTC_03665.dir/src.c.o
/usr/bin/cc -DCMAKE_HAVE_LIBC_PTHREAD   -o CMakeFiles/cmTC_03665.dir/src.c.o -c /home/liangyichen/catkin_ws/src/puzzlebot/puzzlebot_gazebo/build/CMakeFiles/CMakeTmp/src.c
Linking C executable cmTC_03665
/usr/local/bin/cmake -E cmake_link_script CMakeFiles/cmTC_03665.dir/link.txt --verbose=1
/usr/bin/cc -rdynamic CMakeFiles/cmTC_03665.dir/src.c.o -o cmTC_03665 
CMakeFiles/cmTC_03665.dir/src.c.o: In function `main':
src.c:(.text+0x3e): undefined reference to `pthread_create'
src.c:(.text+0x4a): undefined reference to `pthread_detach'
src.c:(.text+0x56): undefined reference to `pthread_cancel'
src.c:(.text+0x67): undefined reference to `pthread_join'
src.c:(.text+0x7b): undefined reference to `pthread_atfork'
collect2: error: ld returned 1 exit status
CMakeFiles/cmTC_03665.dir/build.make:98: recipe for target 'cmTC_03665' failed
make[1]: *** [cmTC_03665] Error 1
make[1]: Leaving directory '/home/liangyichen/catkin_ws/src/puzzlebot/puzzlebot_gazebo/build/CMakeFiles/CMakeTmp'
Makefile:127: recipe for target 'cmTC_03665/fast' failed
make: *** [cmTC_03665/fast] Error 2


Source file was:
#include <pthread.h>

static void* test_func(void* data)
{
  return data;
}

int main(void)
{
  pthread_t thread;
  pthread_create(&thread, NULL, test_func, NULL);
  pthread_detach(thread);
  pthread_cancel(thread);
  pthread_join(thread, NULL);
  pthread_atfork(NULL, NULL, NULL);
  pthread_exit(NULL);

  return 0;
}

Determining if the function pthread_create exists in the pthreads failed with the following output:
Change Dir: /home/liangyichen/catkin_ws/src/puzzlebot/puzzlebot_gazebo/build/CMakeFiles/CMakeTmp

Run Build Command(s):/usr/bin/make -f Makefile cmTC_58c08/fast && /usr/bin/make  -f CMakeFiles/cmTC_58c08.dir/build.make CMakeFiles/cmTC_58c08.dir/build
make[1]: Entering directory '/home/liangyichen/catkin_ws/src/puzzlebot/puzzlebot_gazebo/build/CMakeFiles/CMakeTmp'
Building C object CMakeFiles/cmTC_58c08.dir/CheckFunctionExists.c.o
/usr/bin/cc   -DCHECK_FUNCTION_EXISTS=pthread_create -o CMakeFiles/cmTC_58c08.dir/CheckFunctionExists.c.o -c /usr/local/share/cmake-3.22/Modules/CheckFunctionExists.c
Linking C executable cmTC_58c08
/usr/local/bin/cmake -E cmake_link_script CMakeFiles/cmTC_58c08.dir/link.txt --verbose=1
/usr/bin/cc  -DCHECK_FUNCTION_EXISTS=pthread_create -rdynamic CMakeFiles/cmTC_58c08.dir/CheckFunctionExists.c.o -o cmTC_58c08  -lpthreads 
/usr/bin/ld: cannot find -lpthreads
collect2: error: ld returned 1 exit status
CMakeFiles/cmTC_58c08.dir/build.make:98: recipe for target 'cmTC_58c08' failed
make[1]: *** [cmTC_58c08] Error 1
make[1]: Leaving directory '/home/liangyichen/catkin_ws/src/puzzlebot/puzzlebot_gazebo/build/CMakeFiles/CMakeTmp'
Makefile:127: recipe for target 'cmTC_58c08/fast' failed
make: *** [cmTC_58c08/fast] Error 2



